<?xml version="1.0" encoding="UTF-8"?>
<!-- Generated by org.testng.reporters.JUnitReportReporter -->
<testsuite hostname="DESKTOP-DKVA2FM" failures="0" tests="4" name="api.test.UserTests" time="9.973" errors="0" timestamp="2023-10-24T17:28:23 IST" skipped="0">
  <testcase classname="api.test.UserTests" name="testpostuser" time="4.727"/>
  <system-out/>
  <testcase classname="api.test.UserTests" name="testGetUserByname" time="1.319"/>
  <system-out/>
  <testcase classname="api.test.UserTests" name="testupdateuser" time="2.656"/>
  <system-out/>
  <testcase classname="api.test.UserTests" name="testDeleteuser" time="1.271"/>
  <system-out/>
</testsuite> <!-- api.test.UserTests -->
