<?xml version="1.0" encoding="UTF-8"?>
<!-- Generated by org.testng.reporters.JUnitReportReporter -->
<testsuite hostname="DESKTOP-DKVA2FM" failures="0" tests="4" name="api.test.UserTests" time="9.171" errors="0" timestamp="2023-10-24T19:17:32 IST" skipped="0">
  <testcase classname="api.test.UserTests" name="testpostuser" time="3.898"/>
  <system-out/>
  <testcase classname="api.test.UserTests" name="testGetUserByname" time="1.361"/>
  <system-out/>
  <testcase classname="api.test.UserTests" name="testupdateuser" time="2.590"/>
  <system-out/>
  <testcase classname="api.test.UserTests" name="testDeleteuser" time="1.322"/>
  <system-out/>
</testsuite> <!-- api.test.UserTests -->
