<?xml version="1.0" encoding="UTF-8"?>
<!-- Generated by org.testng.reporters.JUnitReportReporter -->
<testsuite hostname="DESKTOP-DKVA2FM" failures="0" tests="6" name="api.test.DDTests" time="7.958" errors="0" timestamp="2023-10-24T17:22:15 IST" skipped="0">
  <testcase classname="api.test.DDTests" name="testpostuser" time="1.266"/>
  <system-out/>
  <testcase classname="api.test.DDTests" name="testpostuser" time="1.340"/>
  <system-out/>
  <testcase classname="api.test.DDTests" name="testpostuser" time="1.384"/>
  <system-out/>
  <testcase classname="api.test.DDTests" name="testDeleteUserByName" time="1.332"/>
  <system-out/>
  <testcase classname="api.test.DDTests" name="testDeleteUserByName" time="1.356"/>
  <system-out/>
  <testcase classname="api.test.DDTests" name="testDeleteUserByName" time="1.280"/>
  <system-out/>
</testsuite> <!-- api.test.DDTests -->
