<?xml version="1.0" encoding="UTF-8"?>
<!-- Generated by org.testng.reporters.JUnitReportReporter -->
<testsuite hostname="DESKTOP-DKVA2FM" failures="0" tests="6" name="api.test.DDTests" time="7.883" errors="0" timestamp="2023-10-24T19:17:32 IST" skipped="0">
  <testcase classname="api.test.DDTests" name="testpostuser" time="1.300"/>
  <system-out/>
  <testcase classname="api.test.DDTests" name="testpostuser" time="1.320"/>
  <system-out/>
  <testcase classname="api.test.DDTests" name="testpostuser" time="1.288"/>
  <system-out/>
  <testcase classname="api.test.DDTests" name="testDeleteUserByName" time="1.330"/>
  <system-out/>
  <testcase classname="api.test.DDTests" name="testDeleteUserByName" time="1.317"/>
  <system-out/>
  <testcase classname="api.test.DDTests" name="testDeleteUserByName" time="1.328"/>
  <system-out/>
</testsuite> <!-- api.test.DDTests -->
