<?xml version="1.0" encoding="UTF-8"?>
<!-- Generated by org.testng.reporters.JUnitReportReporter -->
<testsuite hostname="DESKTOP-DKVA2FM" failures="0" tests="6" name="api.test.DDTests" time="10.463" errors="0" timestamp="2023-10-24T19:21:42 IST" skipped="0">
  <testcase classname="api.test.DDTests" name="testpostuser" time="1.339"/>
  <system-out/>
  <testcase classname="api.test.DDTests" name="testpostuser" time="1.347"/>
  <system-out/>
  <testcase classname="api.test.DDTests" name="testpostuser" time="3.946"/>
  <system-out/>
  <testcase classname="api.test.DDTests" name="testDeleteUserByName" time="1.315"/>
  <system-out/>
  <testcase classname="api.test.DDTests" name="testDeleteUserByName" time="1.231"/>
  <system-out/>
  <testcase classname="api.test.DDTests" name="testDeleteUserByName" time="1.285"/>
  <system-out/>
</testsuite> <!-- api.test.DDTests -->
